9:48:07 a. m. viernes, 27 de septiembre de 2024  open 'D:\R.SIGE\file\data\ILWIS\COLOMBIA'.mpa
9:48:39 a. m. viernes, 27 de septiembre de 2024  open 'D:\R.SIGE\file\data\ILWIS\COLOMBIA'.mpr
9:49:32 a. m. viernes, 27 de septiembre de 2024  open 'D:\R.SIGE\file\data\ILWIS\COLOMBIA'.mpr
9:55:36 a. m. viernes, 27 de septiembre de 2024  open 'D:\R.SIGE\file\data\ILWIS\COLOMBIA'.mpa
9:56:36 a. m. viernes, 27 de septiembre de 2024  open 'D:\R.SIGE\file\data\ILWIS\COLOMBIA'.rpr
9:58:08 a. m. viernes, 27 de septiembre de 2024  open 'D:\R.SIGE\file\data\ILWIS\COLOMBIA'.mpa
9:58:13 a. m. viernes, 27 de septiembre de 2024  open 'D:\R.SIGE\file\data\ILWIS\COLOMBIA'.mpa
10:04:03 a. m. viernes, 27 de septiembre de 2024  open 'D:\R.SIGE\file\data\ILWIS\COLOMBIA'.csy
10:05:39 a. m. viernes, 27 de septiembre de 2024  open 'D:\R.SIGE\file\data\ILWIS\COLOMBIA'.csy
10:05:48 a. m. viernes, 27 de septiembre de 2024  open 'D:\R.SIGE\file\data\ILWIS\COLOMBIA'.grf
10:07:04 a. m. viernes, 27 de septiembre de 2024  open 'D:\R.SIGE\file\data\ILWIS\COLOMBIA'.grf
10:14:08 a. m. viernes, 27 de septiembre de 2024  open 'D:\R.SIGE\file\data\ILWIS\BEACH'.dom
10:16:19 a. m. viernes, 27 de septiembre de 2024  open 'D:\R.SIGE\file\data\ILWIS\COLOMBIA'.dom
10:18:20 a. m. viernes, 27 de septiembre de 2024  open 'D:\R.SIGE\file\data\ILWIS\COLOMBIA'.mpr
10:18:28 a. m. viernes, 27 de septiembre de 2024  open 'D:\R.SIGE\file\data\ILWIS\COLOMBIA'.dom
10:19:59 a. m. viernes, 27 de septiembre de 2024  open 'D:\R.SIGE\file\data\ILWIS\LANDSLID'.mpr
10:21:46 a. m. viernes, 27 de septiembre de 2024  open 'D:\R.SIGE\file\data\ILWIS\VOLCANIC'.mpr
10:23:04 a. m. viernes, 27 de septiembre de 2024  open 'D:\R.SIGE\file\data\ILWIS\SEISMIC'.mpr
10:24:07 a. m. viernes, 27 de septiembre de 2024  open 'D:\R.SIGE\file\data\ILWIS\TSUNAMI'.mpr
10:25:06 a. m. viernes, 27 de septiembre de 2024  open 'D:\R.SIGE\file\data\ILWIS\INUNDAT'.mpr
10:26:10 a. m. viernes, 27 de septiembre de 2024  open 'D:\R.SIGE\file\data\ILWIS\RIVERS'.mpr
10:26:30 a. m. viernes, 27 de septiembre de 2024  prop RIVERS.mpr
10:26:36 a. m. viernes, 27 de septiembre de 2024  show 'D:\R.SIGE\file\data\ILWIS\rivers'.rpr -mpr
10:30:21 a. m. viernes, 27 de septiembre de 2024  open 'D:\R.SIGE\file\data\ILWIS\BEACH'.mpr
10:30:31 a. m. viernes, 27 de septiembre de 2024  prop BEACH.mpr
10:31:20 a. m. viernes, 27 de septiembre de 2024  open 'D:\R.SIGE\file\data\ILWIS\INDUSTRY'.mpr
10:32:21 a. m. viernes, 27 de septiembre de 2024  open 'D:\R.SIGE\file\data\ILWIS\INFRASEG'.mpr
10:32:23 a. m. viernes, 27 de septiembre de 2024  open 'D:\R.SIGE\file\data\ILWIS\INFRASEG'.mpr
10:33:17 a. m. viernes, 27 de septiembre de 2024  open 'D:\R.SIGE\file\data\ILWIS\CONCENTR'.mpr
10:34:19 a. m. viernes, 27 de septiembre de 2024  open 'D:\R.SIGE\file\data\ILWIS\TOPOGRAP'.mpr
10:34:47 a. m. viernes, 27 de septiembre de 2024  prop TOPOGRAP.mpr
10:42:14 a. m. viernes, 27 de septiembre de 2024  open 'D:\R.SIGE\file\data\ILWIS\COLOMBIA'.mpa
10:46:31 a. m. viernes, 27 de septiembre de 2024  pixelinfo
10:47:45 a. m. viernes, 27 de septiembre de 2024  pixelinfo
10:16:32 a. m. sábado, 28 de septiembre de 2024  create tbl
10:39:47 a. m. sábado, 28 de septiembre de 2024  open 'D:\R.SIGE\file\data\ILWIS\seismic'.tbt
10:46:57 a. m. sábado, 28 de septiembre de 2024  open 'D:\R.SIGE\file\data\ILWIS\volcanic'.tbt
10:47:54 a. m. sábado, 28 de septiembre de 2024  open 'D:\R.SIGE\file\data\ILWIS\landslid'.tbt
10:48:35 a. m. sábado, 28 de septiembre de 2024  open 'D:\R.SIGE\file\data\ILWIS\tsunami'.tbt
10:49:32 a. m. sábado, 28 de septiembre de 2024  open 'D:\R.SIGE\file\data\ILWIS\beach'.tbt
10:51:19 a. m. sábado, 28 de septiembre de 2024  prop 'D:\R.SIGE\file\data\ILWIS\BEACH'.mpr
